Arguments: 
  /snap/node/3292/bin/node /snap/node/3292/bin/yarn.js global dir

PATH: 
  /usr/local/lib/node_modules/npm/node_modules/npm-lifecycle/node-gyp-bin:/home/workspace/Desktop/Files/Projects/Programming/Working On/Covid Media/App/Covid-Media-App_v.1.0.1/node_modules/.bin:/usr/local/sbin:/usr/local/bin:/usr/sbin:/usr/bin:/sbin:/bin:/usr/games:/usr/local/games:/snap/bin

Yarn version: 
  1.22.5

Node version: 
  12.19.0

Platform: 
  linux x64

Trace: 
  Error: EACCES: permission denied, write
      at writeSync (fs.js:679:3)
      at SyncWriteStream._write (internal/fs/sync_write_stream.js:24:3)
      at doWrite (_stream_writable.js:403:12)
      at writeOrBuffer (_stream_writable.js:387:5)
      at SyncWriteStream.Writable.write (_stream_writable.js:318:11)
      at ConsoleReporter._log (/snap/node/3292/lib/cli.js:96770:17)
      at ConsoleReporter.log (/snap/node/3292/lib/cli.js:96758:10)
      at dir (/snap/node/3292/lib/cli.js:36256:14)
      at Object.<anonymous> (/snap/node/3292/lib/cli.js:25940:25)
      at Generator.next (<anonymous>)

npm manifest: 
  {
    "main": "node_modules/expo/AppEntry.js",
    "scripts": {
      "start": "expo start",
      "android": "expo start --android",
      "ios": "expo start --ios",
      "web": "expo start --web",
      "eject": "expo eject"
    },
    "dependencies": {
      "@material-ui/core": "^4.10.1",
      "@react-native-community/masked-view": "^0.1.10",
      "@react-navigation/bottom-tabs": "^5.4.2",
      "@react-navigation/drawer": "^5.11.4",
      "@react-navigation/native": "^5.8.10",
      "@react-navigation/stack": "^5.12.8",
      "axios": "^0.19.2",
      "bootstrap": "^4.5.0",
      "chart.js": "^2.9.3",
      "classnames": "^2.2.6",
      "country-code-lookup": "^0.0.17",
      "expo": "^39.0.5",
      "expo-cli": "^4.1.6",
      "expo-font": "^8.3.0",
      "expo-status-bar": "^1.0.2",
      "i18next": "^17.0.14",
      "mapbox-gl": "^1.12.0",
      "react": "^16.13.1",
      "react-bootstrap": "^1.0.1",
      "react-chartjs-2": "^2.9.0",
      "react-countup": "^4.3.3",
      "react-dom": "^16.13.1",
      "react-native": "https://github.com/expo/react-native/archive/sdk-39.0.4.tar.gz",
      "react-native-gesture-handler": "^1.7.0",
      "react-native-reanimated": "^1.13.0",
      "react-native-safe-area-context": "^3.1.4",
      "react-native-screens": "^2.10.1",
      "react-native-web": "^0.13.12",
      "react-navigation-header-buttons": "^6.0.0",
      "react-redux": "^7.2.2",
      "react-select": "^2.4.4",
      "redux": "^4.0.5",
      "styled-components": "^5.1.1",
      "swr": "^0.1.18"
    },
    "devDependencies": {
      "@babel/core": "~7.9.0"
    },
    "private": true
  }

yarn manifest: 
  No manifest

Lockfile: 
  No lockfile
